[2024-07-29 23:57:01.518321]: parsering bag|背包系统表 in B-背包系统表.xlsx
[2024-07-29 23:57:01.521375]: parsering item|道具表 in D-道具表-英雄.xlsx
[2024-07-29 23:57:01.522394]: incorrect sheet name 道具使用回调 in D-道具表-英雄.xlsx
[2024-07-29 23:57:01.524437]: parsering item|道具表 in D-道具表.xlsx
[2024-07-29 23:57:01.526472]: incorrect sheet name 道具使用回调 in D-道具表.xlsx
[2024-07-29 23:57:01.529225]: parsering skill|技能表 in J-技能表.xlsx
[2024-07-29 23:57:01.532319]: parsering hero|英雄表 in Y-英雄表.xlsx
[2024-07-30 01:54:14.731255]: parsering bag|背包系统表 in B-背包系统表.xlsx
[2024-07-30 01:54:14.734259]: parsering item|道具表 in D-道具表-英雄.xlsx
[2024-07-30 01:54:14.735260]: incorrect sheet name 道具使用回调 in D-道具表-英雄.xlsx
[2024-07-30 01:54:14.737261]: parsering item|道具表 in D-道具表.xlsx
[2024-07-30 01:54:14.741770]: incorrect sheet name 道具使用回调 in D-道具表.xlsx
[2024-07-30 01:54:14.744276]: parsering skill|技能表 in J-技能表.xlsx
[2024-07-30 01:54:14.747278]: parsering hero|英雄表 in Y-英雄表.xlsx
[2024-07-30 01:54:21.568802]: parsering bag|背包系统表 in B-背包系统表.xlsx
[2024-07-30 01:54:21.572821]: parsering item|道具表 in D-道具表-英雄.xlsx
[2024-07-30 01:54:21.573824]: incorrect sheet name 道具使用回调 in D-道具表-英雄.xlsx
[2024-07-30 01:54:21.577827]: parsering item|道具表 in D-道具表.xlsx
[2024-07-30 01:54:21.580332]: incorrect sheet name 道具使用回调 in D-道具表.xlsx
[2024-07-30 01:54:21.582848]: parsering skill|技能表 in J-技能表.xlsx
[2024-07-30 01:54:21.585851]: parsering hero|英雄表 in Y-英雄表.xlsx
[2024-07-30 01:55:12.074224]: parsering bag|背包系统表 in B-背包系统表.xlsx
[2024-07-30 01:55:12.076729]: parsering item|道具表 in D-道具表-英雄.xlsx
[2024-07-30 01:55:12.077730]: incorrect sheet name 道具使用回调 in D-道具表-英雄.xlsx
[2024-07-30 01:55:12.079732]: parsering item|道具表 in D-道具表.xlsx
[2024-07-30 01:55:12.081234]: incorrect sheet name 道具使用回调 in D-道具表.xlsx
[2024-07-30 01:55:12.084238]: parsering skill|技能表 in J-技能表.xlsx
[2024-07-30 01:55:12.087241]: parsering hero|英雄表 in Y-英雄表.xlsx
[2024-07-30 10:20:53.475416]: parsering bag|背包系统表 in B-背包系统表.xlsx
[2024-07-30 10:20:53.479354]: parsering item|道具表 in D-道具表-英雄.xlsx
[2024-07-30 10:20:53.486369]: incorrect sheet name 道具使用回调 in D-道具表-英雄.xlsx
[2024-07-30 10:20:53.489354]: parsering item|道具表 in D-道具表.xlsx
[2024-07-30 10:20:53.490354]: incorrect sheet name 道具使用回调 in D-道具表.xlsx
[2024-07-30 10:20:53.493356]: parsering skill|技能表 in J-技能表.xlsx
[2024-07-30 10:20:53.498626]: parsering hero|英雄表 in Y-英雄表.xlsx
[2024-07-30 10:22:54.616035]: parsering bag|背包系统表 in B-背包系统表.xlsx
[2024-07-30 10:22:54.625966]: parsering item|道具表 in D-道具表-英雄.xlsx
[2024-07-30 10:22:54.627954]: incorrect sheet name 道具使用回调 in D-道具表-英雄.xlsx
[2024-07-30 10:22:54.631647]: parsering item|道具表 in D-道具表.xlsx
[2024-07-30 10:22:54.633671]: incorrect sheet name 道具使用回调 in D-道具表.xlsx
[2024-07-30 10:22:54.636650]: parsering skill|技能表 in J-技能表.xlsx
[2024-07-30 10:22:54.641675]: parsering hero|英雄表 in Y-英雄表.xlsx
[2024-07-30 10:23:30.294655]: parsering bag|背包系统表 in B-背包系统表.xlsx
[2024-07-30 10:23:36.359550]: parsering bag|背包系统表 in B-背包系统表.xlsx
[2024-07-30 10:23:44.264928]: parsering bag|背包系统表 in B-背包系统表.xlsx
[2024-07-30 10:23:44.268898]: parsering item|道具表 in D-道具表-英雄.xlsx
[2024-07-30 10:23:44.269898]: incorrect sheet name 道具使用回调 in D-道具表-英雄.xlsx
[2024-07-30 10:23:44.272930]: parsering item|道具表 in D-道具表.xlsx
[2024-07-30 10:23:44.274900]: incorrect sheet name 道具使用回调 in D-道具表.xlsx
[2024-07-30 10:23:44.278562]: parsering skill|技能表 in J-技能表.xlsx
[2024-07-30 10:23:44.283533]: parsering hero|英雄表 in Y-英雄表.xlsx
[2024-07-30 10:25:00.120558]: parsering bag|背包系统表 in B-背包系统表.xlsx
[2024-07-30 10:25:00.125521]: parsering item|道具表 in D-道具表-英雄.xlsx
[2024-07-30 10:25:00.126701]: incorrect sheet name 道具使用回调 in D-道具表-英雄.xlsx
[2024-07-30 10:25:00.129450]: parsering item|道具表 in D-道具表.xlsx
[2024-07-30 10:25:00.131177]: incorrect sheet name 道具使用回调 in D-道具表.xlsx
[2024-07-30 10:25:00.134836]: parsering skill|技能表 in J-技能表.xlsx
[2024-07-30 10:25:00.139366]: parsering hero|英雄表 in Y-英雄表.xlsx
[2024-07-30 10:27:04.773080]: parsering bag|背包系统表 in B-背包系统表.xlsx
[2024-07-30 10:27:04.777080]: parsering item|道具表 in D-道具表-英雄.xlsx
[2024-07-30 10:27:04.778079]: incorrect sheet name 道具使用回调 in D-道具表-英雄.xlsx
[2024-07-30 10:27:04.781080]: parsering item|道具表 in D-道具表.xlsx
[2024-07-30 10:27:04.783091]: incorrect sheet name 道具使用回调 in D-道具表.xlsx
[2024-07-30 10:27:04.786079]: parsering skill|技能表 in J-技能表.xlsx
[2024-07-30 10:27:04.790080]: parsering hero|英雄表 in Y-英雄表.xlsx
[2024-07-30 10:31:31.077134]: parsering bag|背包系统表 in B-背包系统表.xlsx
[2024-07-30 10:31:31.081134]: parsering item|道具表 in D-道具表-英雄.xlsx
[2024-07-30 10:31:31.082134]: incorrect sheet name 道具使用回调 in D-道具表-英雄.xlsx
[2024-07-30 10:31:31.086134]: parsering item|道具表 in D-道具表.xlsx
[2024-07-30 10:31:31.087136]: incorrect sheet name 道具使用回调 in D-道具表.xlsx
[2024-07-30 10:31:31.090134]: parsering skill|技能表 in J-技能表.xlsx
[2024-07-30 10:31:31.094134]: parsering hero|英雄表 in Y-英雄表.xlsx
[2024-07-30 10:34:03.032453]: parsering bag|背包系统表 in B-背包系统表.xlsx
[2024-07-30 10:34:03.036453]: parsering item|道具表 in D-道具表-英雄.xlsx
[2024-07-30 10:34:03.037467]: incorrect sheet name 道具使用回调 in D-道具表-英雄.xlsx
[2024-07-30 10:34:03.040453]: parsering item|道具表 in D-道具表.xlsx
[2024-07-30 10:34:03.042453]: incorrect sheet name 道具使用回调 in D-道具表.xlsx
[2024-07-30 10:34:03.046455]: parsering skill|技能表 in J-技能表.xlsx
[2024-07-30 10:34:03.051453]: parsering hero|英雄表 in Y-英雄表.xlsx
[2024-07-30 10:35:30.489180]: parsering bag|背包系统表 in B-背包系统表.xlsx
[2024-07-30 10:35:30.493181]: parsering item|道具表 in D-道具表-英雄.xlsx
[2024-07-30 10:35:30.494197]: incorrect sheet name 道具使用回调 in D-道具表-英雄.xlsx
[2024-07-30 10:35:30.497186]: parsering item|道具表 in D-道具表.xlsx
[2024-07-30 10:35:30.499180]: incorrect sheet name 道具使用回调 in D-道具表.xlsx
[2024-07-30 10:35:30.502177]: parsering skill|技能表 in J-技能表.xlsx
[2024-07-30 10:35:30.509212]: parsering hero|英雄表 in Y-英雄表.xlsx
